<?xml version="1.0" encoding="UTF-8"?>
<testsuite name="whitebox.NextDateTest" tests="41" skipped="0" failures="0" errors="0" timestamp="2024-10-22T22:36:19" hostname="LENOVO" time="0.072">
  <properties/>
  <testcase name="testFebruaryEquals29LeapYear()" classname="whitebox.NextDateTest" time="0.019"/>
  <testcase name="testIsThirtyDayJune()" classname="whitebox.NextDateTest" time="0.001"/>
  <testcase name="testIsYearAbove2021()" classname="whitebox.NextDateTest" time="0.001"/>
  <testcase name="testFebruaryEquals28NotLeapYear()" classname="whitebox.NextDateTest" time="0.0"/>
  <testcase name="testFebruaryEquals29NotLeapYear()" classname="whitebox.NextDateTest" time="0.0"/>
  <testcase name="testIsMonthBellow1801()" classname="whitebox.NextDateTest" time="0.001"/>
  <testcase name="testIsLeapYearDivisibleBy400()" classname="whitebox.NextDateTest" time="0.001"/>
  <testcase name="testIsLeapYearDivisibleBy4()" classname="whitebox.NextDateTest" time="0.0"/>
  <testcase name="testIsThirtyOneDayMonthMarch()" classname="whitebox.NextDateTest" time="0.0"/>
  <testcase name="testFebruaryDayAbove29()" classname="whitebox.NextDateTest" time="0.001"/>
  <testcase name="testIsThirtyDayMonthNovember()" classname="whitebox.NextDateTest" time="0.0"/>
  <testcase name="testYear2021()" classname="whitebox.NextDateTest" time="0.001"/>
  <testcase name="testIsMonthZero()" classname="whitebox.NextDateTest" time="0.001"/>
  <testcase name="testIsDecemberDayMonthYearInvalid()" classname="whitebox.NextDateTest" time="0.0"/>
  <testcase name="testIsThirtyDaySeptember()" classname="whitebox.NextDateTest" time="0.001"/>
  <testcase name="testIsThirtyOneDayAugust()" classname="whitebox.NextDateTest" time="0.001"/>
  <testcase name="testValidDate()" classname="whitebox.NextDateTest" time="0.0"/>
  <testcase name="testFebruaryEquals28LeapYear()" classname="whitebox.NextDateTest" time="0.001"/>
  <testcase name="testFebruaryBellow28()" classname="whitebox.NextDateTest" time="0.001"/>
  <testcase name="testIsThirtyOneDayMonthMay()" classname="whitebox.NextDateTest" time="0.0"/>
  <testcase name="testIsThirtyDay()" classname="whitebox.NextDateTest" time="0.001"/>
  <testcase name="testIsThirtyDayMonthJune()" classname="whitebox.NextDateTest" time="0.0"/>
  <testcase name="testIsThirtyOneDayMay()" classname="whitebox.NextDateTest" time="0.001"/>
  <testcase name="testIsThirtyDayNovember()" classname="whitebox.NextDateTest" time="0.001"/>
  <testcase name="testIsDecemberDay()" classname="whitebox.NextDateTest" time="0.0"/>
  <testcase name="testIsThirtyOneDayMonthOctober()" classname="whitebox.NextDateTest" time="0.0"/>
  <testcase name="testIsDecemberDayMonthYear()" classname="whitebox.NextDateTest" time="0.0"/>
  <testcase name="testIsLeapYearNotDivisibleBy400()" classname="whitebox.NextDateTest" time="0.001"/>
  <testcase name="testIsThirtyOneDayMonthAugust()" classname="whitebox.NextDateTest" time="0.0"/>
  <testcase name="testIsThirtyDayMonth()" classname="whitebox.NextDateTest" time="0.0"/>
  <testcase name="testIsThirtyOneDay()" classname="whitebox.NextDateTest" time="0.0"/>
  <testcase name="testIsThirtyDayMonthSeptember()" classname="whitebox.NextDateTest" time="0.0"/>
  <testcase name="testIsDayZero()" classname="whitebox.NextDateTest" time="0.0"/>
  <testcase name="testIsThirtyOneDayMarch()" classname="whitebox.NextDateTest" time="0.001"/>
  <testcase name="testIsThirtyOneDayMonth()" classname="whitebox.NextDateTest" time="0.0"/>
  <testcase name="testIsThirtyDayMonthInvalid()" classname="whitebox.NextDateTest" time="0.0"/>
  <testcase name="testIsDecemberDayMonth()" classname="whitebox.NextDateTest" time="0.0"/>
  <testcase name="testIsThirtyOneDayOctober()" classname="whitebox.NextDateTest" time="0.001"/>
  <testcase name="testIsLeapYearNotDivisibleBy4()" classname="whitebox.NextDateTest" time="0.0"/>
  <testcase name="testFebruaryAbove29()" classname="whitebox.NextDateTest" time="0.0"/>
  <testcase name="testIsMonthAboveTwelve()" classname="whitebox.NextDateTest" time="0.0"/>
  <system-out><![CDATA[]]></system-out>
  <system-err><![CDATA[]]></system-err>
</testsuite>
